<?xml version="1.0" encoding="UTF-8"?>
<Site BuildName="Linux-x86_64-linux-gnu-g++-7"
	BuildStamp="20220223-0512-Experimental"
	Name="bhateputer"
	Generator="ctest-3.10.2"
	CompilerName="/usr/bin/x86_64-linux-gnu-g++-7"
	CompilerVersion="7.5.0"
	OSName="Linux"
	Hostname="bhateputer"
	OSRelease="4.15.0-166-generic"
	OSVersion="#174-Ubuntu SMP Wed Dec 8 19:07:44 UTC 2021"
	OSPlatform="x86_64"
	Is64Bits="1"
	VendorString="GenuineIntel"
	VendorID="Intel Corporation"
	FamilyID="6"
	ModelID="158"
	ProcessorCacheSize="9216"
	NumberOfLogicalCPU="12"
	NumberOfPhysicalCPU="6"
	TotalVirtualMemory="2047"
	TotalPhysicalMemory="15677"
	LogicalProcessorsPerPhysical="2"
	ProcessorClockFrequency="3900.25"
	>
	<Testing>
		<StartDateTime>Feb 23 00:48 EST</StartDateTime>
		<StartTestTime>1645595306</StartTestTime>
		<TestList/>
		<EndDateTime>Feb 23 00:48 EST</EndDateTime>
		<EndTestTime>1645595306</EndTestTime>
		<ElapsedMinutes>0</ElapsedMinutes>
	</Testing>
</Site>
